[24-Sep-2018 19:09:54 UTC] PHP Warning:  imagepng(): Unable to open 'inc/charts/1537816194.0887.png' for writing: No such file or directory in /home/ubuntu/workspace/cst336/practice/p3/inc/charts.php on line 71
[24-Sep-2018 19:09:54 UTC] PHP Stack trace:
[24-Sep-2018 19:09:54 UTC] PHP   1. {main}() /home/ubuntu/workspace/cst336/practice/p3/reviews.php:0
[24-Sep-2018 19:09:54 UTC] PHP   2. movieReviews() /home/ubuntu/workspace/cst336/practice/p3/reviews.php:60
[24-Sep-2018 19:09:54 UTC] PHP   3. displayRatings() /home/ubuntu/workspace/cst336/practice/p3/reviews.php:25
[24-Sep-2018 19:09:54 UTC] PHP   4. bar_graph() /home/ubuntu/workspace/cst336/practice/p3/inc/charts.php:30
[24-Sep-2018 19:09:54 UTC] PHP   5. imagepng() /home/ubuntu/workspace/cst336/practice/p3/inc/charts.php:71
[24-Sep-2018 19:14:17 UTC] PHP Warning:  imagepng(): Unable to open 'inc/charts/1537816457.5517.png' for writing: No such file or directory in /home/ubuntu/workspace/cst336/practice/p3/inc/charts.php on line 71
[24-Sep-2018 19:14:17 UTC] PHP Stack trace:
[24-Sep-2018 19:14:17 UTC] PHP   1. {main}() /home/ubuntu/workspace/cst336/practice/p3/reviews.php:0
[24-Sep-2018 19:14:17 UTC] PHP   2. movieReviews() /home/ubuntu/workspace/cst336/practice/p3/reviews.php:60
[24-Sep-2018 19:14:17 UTC] PHP   3. displayRatings() /home/ubuntu/workspace/cst336/practice/p3/reviews.php:25
[24-Sep-2018 19:14:17 UTC] PHP   4. bar_graph() /home/ubuntu/workspace/cst336/practice/p3/inc/charts.php:30
[24-Sep-2018 19:14:17 UTC] PHP   5. imagepng() /home/ubuntu/workspace/cst336/practice/p3/inc/charts.php:71
[24-Sep-2018 19:14:21 UTC] PHP Warning:  imagepng(): Unable to open 'inc/charts/1537816461.0836.png' for writing: No such file or directory in /home/ubuntu/workspace/cst336/practice/p3/inc/charts.php on line 71
[24-Sep-2018 19:14:21 UTC] PHP Stack trace:
[24-Sep-2018 19:14:21 UTC] PHP   1. {main}() /home/ubuntu/workspace/cst336/practice/p3/reviews.php:0
[24-Sep-2018 19:14:21 UTC] PHP   2. movieReviews() /home/ubuntu/workspace/cst336/practice/p3/reviews.php:60
[24-Sep-2018 19:14:21 UTC] PHP   3. displayRatings() /home/ubuntu/workspace/cst336/practice/p3/reviews.php:25
[24-Sep-2018 19:14:21 UTC] PHP   4. bar_graph() /home/ubuntu/workspace/cst336/practice/p3/inc/charts.php:30
[24-Sep-2018 19:14:21 UTC] PHP   5. imagepng() /home/ubuntu/workspace/cst336/practice/p3/inc/charts.php:71
[24-Sep-2018 19:14:30 UTC] PHP Warning:  imagepng(): Unable to open 'inc/charts/1537816470.5013.png' for writing: No such file or directory in /home/ubuntu/workspace/cst336/practice/p3/inc/charts.php on line 71
[24-Sep-2018 19:14:30 UTC] PHP Stack trace:
[24-Sep-2018 19:14:30 UTC] PHP   1. {main}() /home/ubuntu/workspace/cst336/practice/p3/reviews.php:0
[24-Sep-2018 19:14:30 UTC] PHP   2. movieReviews() /home/ubuntu/workspace/cst336/practice/p3/reviews.php:60
[24-Sep-2018 19:14:30 UTC] PHP   3. displayRatings() /home/ubuntu/workspace/cst336/practice/p3/reviews.php:25
[24-Sep-2018 19:14:30 UTC] PHP   4. bar_graph() /home/ubuntu/workspace/cst336/practice/p3/inc/charts.php:30
[24-Sep-2018 19:14:30 UTC] PHP   5. imagepng() /home/ubuntu/workspace/cst336/practice/p3/inc/charts.php:71
[24-Sep-2018 19:14:31 UTC] PHP Warning:  imagepng(): Unable to open 'inc/charts/1537816471.4474.png' for writing: No such file or directory in /home/ubuntu/workspace/cst336/practice/p3/inc/charts.php on line 71
[24-Sep-2018 19:14:31 UTC] PHP Stack trace:
[24-Sep-2018 19:14:31 UTC] PHP   1. {main}() /home/ubuntu/workspace/cst336/practice/p3/reviews.php:0
[24-Sep-2018 19:14:31 UTC] PHP   2. movieReviews() /home/ubuntu/workspace/cst336/practice/p3/reviews.php:60
[24-Sep-2018 19:14:31 UTC] PHP   3. displayRatings() /home/ubuntu/workspace/cst336/practice/p3/reviews.php:25
[24-Sep-2018 19:14:31 UTC] PHP   4. bar_graph() /home/ubuntu/workspace/cst336/practice/p3/inc/charts.php:30
[24-Sep-2018 19:14:31 UTC] PHP   5. imagepng() /home/ubuntu/workspace/cst336/practice/p3/inc/charts.php:71
[24-Sep-2018 19:14:32 UTC] PHP Warning:  imagepng(): Unable to open 'inc/charts/1537816472.5711.png' for writing: No such file or directory in /home/ubuntu/workspace/cst336/practice/p3/inc/charts.php on line 71
[24-Sep-2018 19:14:32 UTC] PHP Stack trace:
[24-Sep-2018 19:14:32 UTC] PHP   1. {main}() /home/ubuntu/workspace/cst336/practice/p3/reviews.php:0
[24-Sep-2018 19:14:32 UTC] PHP   2. movieReviews() /home/ubuntu/workspace/cst336/practice/p3/reviews.php:60
[24-Sep-2018 19:14:32 UTC] PHP   3. displayRatings() /home/ubuntu/workspace/cst336/practice/p3/reviews.php:25
[24-Sep-2018 19:14:32 UTC] PHP   4. bar_graph() /home/ubuntu/workspace/cst336/practice/p3/inc/charts.php:30
[24-Sep-2018 19:14:32 UTC] PHP   5. imagepng() /home/ubuntu/workspace/cst336/practice/p3/inc/charts.php:71
[24-Sep-2018 19:14:33 UTC] PHP Warning:  imagepng(): Unable to open 'inc/charts/1537816473.5243.png' for writing: No such file or directory in /home/ubuntu/workspace/cst336/practice/p3/inc/charts.php on line 71
[24-Sep-2018 19:14:33 UTC] PHP Stack trace:
[24-Sep-2018 19:14:33 UTC] PHP   1. {main}() /home/ubuntu/workspace/cst336/practice/p3/reviews.php:0
[24-Sep-2018 19:14:33 UTC] PHP   2. movieReviews() /home/ubuntu/workspace/cst336/practice/p3/reviews.php:60
[24-Sep-2018 19:14:33 UTC] PHP   3. displayRatings() /home/ubuntu/workspace/cst336/practice/p3/reviews.php:25
[24-Sep-2018 19:14:33 UTC] PHP   4. bar_graph() /home/ubuntu/workspace/cst336/practice/p3/inc/charts.php:30
[24-Sep-2018 19:14:33 UTC] PHP   5. imagepng() /home/ubuntu/workspace/cst336/practice/p3/inc/charts.php:71
[24-Sep-2018 19:14:34 UTC] PHP Warning:  imagepng(): Unable to open 'inc/charts/1537816474.7149.png' for writing: No such file or directory in /home/ubuntu/workspace/cst336/practice/p3/inc/charts.php on line 71
[24-Sep-2018 19:14:34 UTC] PHP Stack trace:
[24-Sep-2018 19:14:34 UTC] PHP   1. {main}() /home/ubuntu/workspace/cst336/practice/p3/reviews.php:0
[24-Sep-2018 19:14:34 UTC] PHP   2. movieReviews() /home/ubuntu/workspace/cst336/practice/p3/reviews.php:60
[24-Sep-2018 19:14:34 UTC] PHP   3. displayRatings() /home/ubuntu/workspace/cst336/practice/p3/reviews.php:25
[24-Sep-2018 19:14:34 UTC] PHP   4. bar_graph() /home/ubuntu/workspace/cst336/practice/p3/inc/charts.php:30
[24-Sep-2018 19:14:34 UTC] PHP   5. imagepng() /home/ubuntu/workspace/cst336/practice/p3/inc/charts.php:71
[24-Sep-2018 19:14:38 UTC] PHP Warning:  imagepng(): Unable to open 'inc/charts/1537816478.9788.png' for writing: No such file or directory in /home/ubuntu/workspace/cst336/practice/p3/inc/charts.php on line 71
[24-Sep-2018 19:14:38 UTC] PHP Stack trace:
[24-Sep-2018 19:14:38 UTC] PHP   1. {main}() /home/ubuntu/workspace/cst336/practice/p3/reviews.php:0
[24-Sep-2018 19:14:38 UTC] PHP   2. movieReviews() /home/ubuntu/workspace/cst336/practice/p3/reviews.php:60
[24-Sep-2018 19:14:38 UTC] PHP   3. displayRatings() /home/ubuntu/workspace/cst336/practice/p3/reviews.php:25
[24-Sep-2018 19:14:38 UTC] PHP   4. bar_graph() /home/ubuntu/workspace/cst336/practice/p3/inc/charts.php:30
[24-Sep-2018 19:14:38 UTC] PHP   5. imagepng() /home/ubuntu/workspace/cst336/practice/p3/inc/charts.php:71
[24-Sep-2018 19:27:02 UTC] PHP Warning:  imagepng(): Unable to open 'inc/charts/1537817222.7123.png' for writing: No such file or directory in /home/ubuntu/workspace/cst336/practice/p3/inc/charts.php on line 71
[24-Sep-2018 19:27:02 UTC] PHP Stack trace:
[24-Sep-2018 19:27:02 UTC] PHP   1. {main}() /home/ubuntu/workspace/cst336/practice/p3/reviews.php:0
[24-Sep-2018 19:27:02 UTC] PHP   2. movieReviews() /home/ubuntu/workspace/cst336/practice/p3/reviews.php:60
[24-Sep-2018 19:27:02 UTC] PHP   3. displayRatings() /home/ubuntu/workspace/cst336/practice/p3/reviews.php:25
[24-Sep-2018 19:27:02 UTC] PHP   4. bar_graph() /home/ubuntu/workspace/cst336/practice/p3/inc/charts.php:30
[24-Sep-2018 19:27:02 UTC] PHP   5. imagepng() /home/ubuntu/workspace/cst336/practice/p3/inc/charts.php:71
[24-Sep-2018 19:28:42 UTC] PHP Warning:  include(inc/charts.php): failed to open stream: No such file or directory in /home/ubuntu/workspace/cst336/practice/p3/reviews.php on line 3
[24-Sep-2018 19:28:42 UTC] PHP Stack trace:
[24-Sep-2018 19:28:42 UTC] PHP   1. {main}() /home/ubuntu/workspace/cst336/practice/p3/reviews.php:0
[24-Sep-2018 19:28:42 UTC] PHP Warning:  include(): Failed opening 'inc/charts.php' for inclusion (include_path='.:/usr/share/php:/usr/share/pear') in /home/ubuntu/workspace/cst336/practice/p3/reviews.php on line 3
[24-Sep-2018 19:28:42 UTC] PHP Stack trace:
[24-Sep-2018 19:28:42 UTC] PHP   1. {main}() /home/ubuntu/workspace/cst336/practice/p3/reviews.php:0
[24-Sep-2018 19:28:42 UTC] PHP Fatal error:  Call to undefined function displayRatings() in /home/ubuntu/workspace/cst336/practice/p3/reviews.php on line 25
[24-Sep-2018 19:28:42 UTC] PHP Stack trace:
[24-Sep-2018 19:28:42 UTC] PHP   1. {main}() /home/ubuntu/workspace/cst336/practice/p3/reviews.php:0
[24-Sep-2018 19:28:42 UTC] PHP   2. movieReviews() /home/ubuntu/workspace/cst336/practice/p3/reviews.php:60
[24-Sep-2018 19:29:03 UTC] PHP Warning:  include(inc/charts.php): failed to open stream: No such file or directory in /home/ubuntu/workspace/cst336/practice/p3/reviews.php on line 3
[24-Sep-2018 19:29:03 UTC] PHP Stack trace:
[24-Sep-2018 19:29:03 UTC] PHP   1. {main}() /home/ubuntu/workspace/cst336/practice/p3/reviews.php:0
[24-Sep-2018 19:29:03 UTC] PHP Warning:  include(): Failed opening 'inc/charts.php' for inclusion (include_path='.:/usr/share/php:/usr/share/pear') in /home/ubuntu/workspace/cst336/practice/p3/reviews.php on line 3
[24-Sep-2018 19:29:03 UTC] PHP Stack trace:
[24-Sep-2018 19:29:03 UTC] PHP   1. {main}() /home/ubuntu/workspace/cst336/practice/p3/reviews.php:0
[24-Sep-2018 19:29:03 UTC] PHP Fatal error:  Call to undefined function displayRatings() in /home/ubuntu/workspace/cst336/practice/p3/reviews.php on line 25
[24-Sep-2018 19:29:03 UTC] PHP Stack trace:
[24-Sep-2018 19:29:03 UTC] PHP   1. {main}() /home/ubuntu/workspace/cst336/practice/p3/reviews.php:0
[24-Sep-2018 19:29:03 UTC] PHP   2. movieReviews() /home/ubuntu/workspace/cst336/practice/p3/reviews.php:60
[24-Sep-2018 19:29:19 UTC] PHP Warning:  include(inc/charts.php): failed to open stream: No such file or directory in /home/ubuntu/workspace/cst336/practice/p3/reviews.php on line 3
[24-Sep-2018 19:29:19 UTC] PHP Stack trace:
[24-Sep-2018 19:29:19 UTC] PHP   1. {main}() /home/ubuntu/workspace/cst336/practice/p3/reviews.php:0
[24-Sep-2018 19:29:19 UTC] PHP Warning:  include(): Failed opening 'inc/charts.php' for inclusion (include_path='.:/usr/share/php:/usr/share/pear') in /home/ubuntu/workspace/cst336/practice/p3/reviews.php on line 3
[24-Sep-2018 19:29:19 UTC] PHP Stack trace:
[24-Sep-2018 19:29:19 UTC] PHP   1. {main}() /home/ubuntu/workspace/cst336/practice/p3/reviews.php:0
[24-Sep-2018 19:29:19 UTC] PHP Fatal error:  Call to undefined function displayRatings() in /home/ubuntu/workspace/cst336/practice/p3/reviews.php on line 25
[24-Sep-2018 19:29:19 UTC] PHP Stack trace:
[24-Sep-2018 19:29:19 UTC] PHP   1. {main}() /home/ubuntu/workspace/cst336/practice/p3/reviews.php:0
[24-Sep-2018 19:29:19 UTC] PHP   2. movieReviews() /home/ubuntu/workspace/cst336/practice/p3/reviews.php:60
[24-Sep-2018 19:30:01 UTC] PHP Warning:  include(inc/charts.php): failed to open stream: No such file or directory in /home/ubuntu/workspace/cst336/practice/p3/reviews.php on line 3
[24-Sep-2018 19:30:01 UTC] PHP Stack trace:
[24-Sep-2018 19:30:01 UTC] PHP   1. {main}() /home/ubuntu/workspace/cst336/practice/p3/reviews.php:0
[24-Sep-2018 19:30:01 UTC] PHP Warning:  include(): Failed opening 'inc/charts.php' for inclusion (include_path='.:/usr/share/php:/usr/share/pear') in /home/ubuntu/workspace/cst336/practice/p3/reviews.php on line 3
[24-Sep-2018 19:30:01 UTC] PHP Stack trace:
[24-Sep-2018 19:30:01 UTC] PHP   1. {main}() /home/ubuntu/workspace/cst336/practice/p3/reviews.php:0
[24-Sep-2018 19:30:01 UTC] PHP Fatal error:  Call to undefined function displayRatings() in /home/ubuntu/workspace/cst336/practice/p3/reviews.php on line 25
[24-Sep-2018 19:30:01 UTC] PHP Stack trace:
[24-Sep-2018 19:30:01 UTC] PHP   1. {main}() /home/ubuntu/workspace/cst336/practice/p3/reviews.php:0
[24-Sep-2018 19:30:01 UTC] PHP   2. movieReviews() /home/ubuntu/workspace/cst336/practice/p3/reviews.php:60
[24-Sep-2018 19:30:25 UTC] PHP Warning:  include(inc/charts.php): failed to open stream: No such file or directory in /home/ubuntu/workspace/cst336/practice/p3/reviews.php on line 3
[24-Sep-2018 19:30:25 UTC] PHP Stack trace:
[24-Sep-2018 19:30:25 UTC] PHP   1. {main}() /home/ubuntu/workspace/cst336/practice/p3/reviews.php:0
[24-Sep-2018 19:30:25 UTC] PHP Warning:  include(): Failed opening 'inc/charts.php' for inclusion (include_path='.:/usr/share/php:/usr/share/pear') in /home/ubuntu/workspace/cst336/practice/p3/reviews.php on line 3
[24-Sep-2018 19:30:25 UTC] PHP Stack trace:
[24-Sep-2018 19:30:25 UTC] PHP   1. {main}() /home/ubuntu/workspace/cst336/practice/p3/reviews.php:0
[24-Sep-2018 19:30:25 UTC] PHP Fatal error:  Call to undefined function displayRatings() in /home/ubuntu/workspace/cst336/practice/p3/reviews.php on line 25
[24-Sep-2018 19:30:25 UTC] PHP Stack trace:
[24-Sep-2018 19:30:25 UTC] PHP   1. {main}() /home/ubuntu/workspace/cst336/practice/p3/reviews.php:0
[24-Sep-2018 19:30:25 UTC] PHP   2. movieReviews() /home/ubuntu/workspace/cst336/practice/p3/reviews.php:60
[24-Sep-2018 19:35:43 UTC] PHP Warning:  sort() expects parameter 1 to be array, string given in /home/ubuntu/workspace/cst336/practice/p3/reviews.php on line 10
[24-Sep-2018 19:35:43 UTC] PHP Stack trace:
[24-Sep-2018 19:35:43 UTC] PHP   1. {main}() /home/ubuntu/workspace/cst336/practice/p3/reviews.php:0
[24-Sep-2018 19:35:43 UTC] PHP   2. movieReviews() /home/ubuntu/workspace/cst336/practice/p3/reviews.php:62
[24-Sep-2018 19:35:43 UTC] PHP   3. sort() /home/ubuntu/workspace/cst336/practice/p3/reviews.php:10
[24-Sep-2018 19:35:43 UTC] PHP Warning:  sort() expects parameter 1 to be array, string given in /home/ubuntu/workspace/cst336/practice/p3/reviews.php on line 10
[24-Sep-2018 19:35:43 UTC] PHP Stack trace:
[24-Sep-2018 19:35:43 UTC] PHP   1. {main}() /home/ubuntu/workspace/cst336/practice/p3/reviews.php:0
[24-Sep-2018 19:35:43 UTC] PHP   2. movieReviews() /home/ubuntu/workspace/cst336/practice/p3/reviews.php:62
[24-Sep-2018 19:35:43 UTC] PHP   3. sort() /home/ubuntu/workspace/cst336/practice/p3/reviews.php:10
[24-Sep-2018 19:35:43 UTC] PHP Warning:  sort() expects parameter 1 to be array, string given in /home/ubuntu/workspace/cst336/practice/p3/reviews.php on line 10
[24-Sep-2018 19:35:43 UTC] PHP Stack trace:
[24-Sep-2018 19:35:43 UTC] PHP   1. {main}() /home/ubuntu/workspace/cst336/practice/p3/reviews.php:0
[24-Sep-2018 19:35:43 UTC] PHP   2. movieReviews() /home/ubuntu/workspace/cst336/practice/p3/reviews.php:62
[24-Sep-2018 19:35:43 UTC] PHP   3. sort() /home/ubuntu/workspace/cst336/practice/p3/reviews.php:10
[24-Sep-2018 19:35:43 UTC] PHP Warning:  sort() expects parameter 1 to be array, string given in /home/ubuntu/workspace/cst336/practice/p3/reviews.php on line 10
[24-Sep-2018 19:35:43 UTC] PHP Stack trace:
[24-Sep-2018 19:35:43 UTC] PHP   1. {main}() /home/ubuntu/workspace/cst336/practice/p3/reviews.php:0
[24-Sep-2018 19:35:43 UTC] PHP   2. movieReviews() /home/ubuntu/workspace/cst336/practice/p3/reviews.php:62
[24-Sep-2018 19:35:43 UTC] PHP   3. sort() /home/ubuntu/workspace/cst336/practice/p3/reviews.php:10
[08-Oct-2018 20:21:47 UTC] PHP Parse error:  syntax error, unexpected '$number' (T_VARIABLE) in /home/ubuntu/workspace/cst336/practice/p5/index.php on line 9
[08-Oct-2018 20:22:07 UTC] PHP Parse error:  syntax error, unexpected '$number' (T_VARIABLE) in /home/ubuntu/workspace/cst336/practice/p5/index.php on line 9
[08-Oct-2018 20:22:24 UTC] PHP Parse error:  syntax error, unexpected '$number' (T_VARIABLE) in /home/ubuntu/workspace/cst336/practice/p5/index.php on line 9
[08-Oct-2018 20:23:03 UTC] PHP Parse error:  syntax error, unexpected ')', expecting ';' in /home/ubuntu/workspace/cst336/practice/p5/index.php on line 27
[08-Oct-2018 21:36:39 UTC] PHP Parse error:  syntax error, unexpected ')' in /home/ubuntu/workspace/cst336/practice/zodiac/index.php on line 10
[08-Oct-2018 21:36:41 UTC] PHP Parse error:  syntax error, unexpected ')' in /home/ubuntu/workspace/cst336/practice/zodiac/index.php on line 10
[24-Oct-2018 05:34:06 UTC] PHP Fatal error:  Uncaught exception 'PDOException' with message 'SQLSTATE[42000]: Syntax error or access violation: 1064 You have an error in your SQL syntax; check the manual that corresponds to your MySQL server version for the right syntax to use near '000 AND 80,000' at line 1' in /home/ubuntu/workspace/cst336/practice/midtermPractice/midtermPractice2.php:10
Stack trace:
#0 /home/ubuntu/workspace/cst336/practice/midtermPractice/midtermPractice2.php(10): PDOStatement->execute()
#1 /home/ubuntu/workspace/cst336/practice/midtermPractice/midtermPractice2.php(59): displayCities()
#2 {main}
  thrown in /home/ubuntu/workspace/cst336/practice/midtermPractice/midtermPractice2.php on line 10
[24-Oct-2018 05:43:02 UTC] PHP Fatal error:  Uncaught exception 'PDOException' with message 'SQLSTATE[42S02]: Base table or view not found: 1146 Table 'midterm.mp_country' doesn't exist' in /home/ubuntu/workspace/cst336/practice/midtermPractice/midtermPractice2.php:43
Stack trace:
#0 /home/ubuntu/workspace/cst336/practice/midtermPractice/midtermPractice2.php(43): PDOStatement->execute()
#1 /home/ubuntu/workspace/cst336/practice/midtermPractice/midtermPractice2.php(67): displayCountry()
#2 {main}
  thrown in /home/ubuntu/workspace/cst336/practice/midtermPractice/midtermPractice2.php on line 43
[29-Oct-2018 20:11:06 UTC] PHP Fatal error:  Uncaught exception 'PDOException' with message 'SQLSTATE[42000]: Syntax error or access violation: 1065 Query was empty' in /home/ubuntu/workspace/cst336/practice/p7/index.php:41
Stack trace:
#0 /home/ubuntu/workspace/cst336/practice/p7/index.php(41): PDOStatement->execute()
#1 /home/ubuntu/workspace/cst336/practice/p7/index.php(93): getOrder()
#2 {main}
  thrown in /home/ubuntu/workspace/cst336/practice/p7/index.php on line 41
[29-Oct-2018 20:11:12 UTC] PHP Fatal error:  Uncaught exception 'PDOException' with message 'SQLSTATE[42000]: Syntax error or access violation: 1065 Query was empty' in /home/ubuntu/workspace/cst336/practice/p7/index.php:41
Stack trace:
#0 /home/ubuntu/workspace/cst336/practice/p7/index.php(41): PDOStatement->execute()
#1 /home/ubuntu/workspace/cst336/practice/p7/index.php(93): getOrder()
#2 {main}
  thrown in /home/ubuntu/workspace/cst336/practice/p7/index.php on line 41
[29-Oct-2018 20:13:06 UTC] PHP Fatal error:  Uncaught exception 'PDOException' with message 'SQLSTATE[42000]: Syntax error or access violation: 1065 Query was empty' in /home/ubuntu/workspace/cst336/practice/p7/index.php:43
Stack trace:
#0 /home/ubuntu/workspace/cst336/practice/p7/index.php(43): PDOStatement->execute()
#1 /home/ubuntu/workspace/cst336/practice/p7/index.php(95): getOrder()
#2 {main}
  thrown in /home/ubuntu/workspace/cst336/practice/p7/index.php on line 43
[29-Oct-2018 20:29:02 UTC] PHP Fatal error:  Call to undefined function getOrder() in /home/ubuntu/workspace/cst336/practice/p7/index.php on line 103
[29-Oct-2018 20:29:02 UTC] PHP Stack trace:
[29-Oct-2018 20:29:02 UTC] PHP   1. {main}() /home/ubuntu/workspace/cst336/practice/p7/index.php:0
