[24-Oct-2018 22:39:39 UTC] PHP Warning:  include(../../inc/dbConnection.php): failed to open stream: No such file or directory in /home/ubuntu/workspace/cst336/midterm/midterm_program2.php on line 2
[24-Oct-2018 22:39:39 UTC] PHP Stack trace:
[24-Oct-2018 22:39:39 UTC] PHP   1. {main}() /home/ubuntu/workspace/cst336/midterm/midterm_program2.php:0
[24-Oct-2018 22:39:39 UTC] PHP Warning:  include(): Failed opening '../../inc/dbConnection.php' for inclusion (include_path='.:/usr/share/php:/usr/share/pear') in /home/ubuntu/workspace/cst336/midterm/midterm_program2.php on line 2
[24-Oct-2018 22:39:39 UTC] PHP Stack trace:
[24-Oct-2018 22:39:39 UTC] PHP   1. {main}() /home/ubuntu/workspace/cst336/midterm/midterm_program2.php:0
[24-Oct-2018 22:39:39 UTC] PHP Fatal error:  Call to undefined function startConnection() in /home/ubuntu/workspace/cst336/midterm/midterm_program2.php on line 3
[24-Oct-2018 22:39:39 UTC] PHP Stack trace:
[24-Oct-2018 22:39:39 UTC] PHP   1. {main}() /home/ubuntu/workspace/cst336/midterm/midterm_program2.php:0
[24-Oct-2018 22:41:32 UTC] PHP Warning:  include(../../inc/dbConnection.php): failed to open stream: No such file or directory in /home/ubuntu/workspace/cst336/midterm/midterm_program2.php on line 2
[24-Oct-2018 22:41:32 UTC] PHP Stack trace:
[24-Oct-2018 22:41:32 UTC] PHP   1. {main}() /home/ubuntu/workspace/cst336/midterm/midterm_program2.php:0
[24-Oct-2018 22:41:32 UTC] PHP Warning:  include(): Failed opening '../../inc/dbConnection.php' for inclusion (include_path='.:/usr/share/php:/usr/share/pear') in /home/ubuntu/workspace/cst336/midterm/midterm_program2.php on line 2
[24-Oct-2018 22:41:32 UTC] PHP Stack trace:
[24-Oct-2018 22:41:32 UTC] PHP   1. {main}() /home/ubuntu/workspace/cst336/midterm/midterm_program2.php:0
[24-Oct-2018 22:41:32 UTC] PHP Fatal error:  Call to undefined function startConnection() in /home/ubuntu/workspace/cst336/midterm/midterm_program2.php on line 3
[24-Oct-2018 22:41:32 UTC] PHP Stack trace:
[24-Oct-2018 22:41:32 UTC] PHP   1. {main}() /home/ubuntu/workspace/cst336/midterm/midterm_program2.php:0
[24-Oct-2018 22:45:22 UTC] PHP Warning:  include(../../../inc/dbConnection.php): failed to open stream: No such file or directory in /home/ubuntu/workspace/cst336/midterm/midterm_program2.php on line 2
[24-Oct-2018 22:45:22 UTC] PHP Stack trace:
[24-Oct-2018 22:45:22 UTC] PHP   1. {main}() /home/ubuntu/workspace/cst336/midterm/midterm_program2.php:0
[24-Oct-2018 22:45:22 UTC] PHP Warning:  include(): Failed opening '../../../inc/dbConnection.php' for inclusion (include_path='.:/usr/share/php:/usr/share/pear') in /home/ubuntu/workspace/cst336/midterm/midterm_program2.php on line 2
[24-Oct-2018 22:45:22 UTC] PHP Stack trace:
[24-Oct-2018 22:45:22 UTC] PHP   1. {main}() /home/ubuntu/workspace/cst336/midterm/midterm_program2.php:0
[24-Oct-2018 22:45:22 UTC] PHP Fatal error:  Call to undefined function startConnection() in /home/ubuntu/workspace/cst336/midterm/midterm_program2.php on line 3
[24-Oct-2018 22:45:22 UTC] PHP Stack trace:
[24-Oct-2018 22:45:22 UTC] PHP   1. {main}() /home/ubuntu/workspace/cst336/midterm/midterm_program2.php:0
[24-Oct-2018 22:45:24 UTC] PHP Warning:  include(../../../inc/dbConnection.php): failed to open stream: No such file or directory in /home/ubuntu/workspace/cst336/midterm/midterm_program2.php on line 2
[24-Oct-2018 22:45:24 UTC] PHP Stack trace:
[24-Oct-2018 22:45:24 UTC] PHP   1. {main}() /home/ubuntu/workspace/cst336/midterm/midterm_program2.php:0
[24-Oct-2018 22:45:24 UTC] PHP Warning:  include(): Failed opening '../../../inc/dbConnection.php' for inclusion (include_path='.:/usr/share/php:/usr/share/pear') in /home/ubuntu/workspace/cst336/midterm/midterm_program2.php on line 2
[24-Oct-2018 22:45:24 UTC] PHP Stack trace:
[24-Oct-2018 22:45:24 UTC] PHP   1. {main}() /home/ubuntu/workspace/cst336/midterm/midterm_program2.php:0
[24-Oct-2018 22:45:24 UTC] PHP Fatal error:  Call to undefined function startConnection() in /home/ubuntu/workspace/cst336/midterm/midterm_program2.php on line 3
[24-Oct-2018 22:45:24 UTC] PHP Stack trace:
[24-Oct-2018 22:45:24 UTC] PHP   1. {main}() /home/ubuntu/workspace/cst336/midterm/midterm_program2.php:0
[24-Oct-2018 22:45:47 UTC] PHP Fatal error:  Uncaught exception 'PDOException' with message 'SQLSTATE[42000]: Syntax error or access violation: 1065 Query was empty' in /home/ubuntu/workspace/cst336/midterm/midterm_program2.php:52
Stack trace:
#0 /home/ubuntu/workspace/cst336/midterm/midterm_program2.php(52): PDOStatement->execute()
#1 /home/ubuntu/workspace/cst336/midterm/midterm_program2.php(82): displayRandom()
#2 {main}
  thrown in /home/ubuntu/workspace/cst336/midterm/midterm_program2.php on line 52
[24-Oct-2018 22:47:22 UTC] PHP Fatal error:  Uncaught exception 'PDOException' with message 'SQLSTATE[42000]: Syntax error or access violation: 1065 Query was empty' in /home/ubuntu/workspace/cst336/midterm/midterm_program2.php:52
Stack trace:
#0 /home/ubuntu/workspace/cst336/midterm/midterm_program2.php(52): PDOStatement->execute()
#1 /home/ubuntu/workspace/cst336/midterm/midterm_program2.php(84): displayRandom()
#2 {main}
  thrown in /home/ubuntu/workspace/cst336/midterm/midterm_program2.php on line 52
