[19-Oct-2018 06:39:45 UTC] PHP Warning:  Invalid argument supplied for foreach() in /home/ubuntu/workspace/cst336/labs/lab5/scart/index.php on line 24
[19-Oct-2018 06:39:45 UTC] PHP Stack trace:
[19-Oct-2018 06:39:45 UTC] PHP   1. {main}() /home/ubuntu/workspace/cst336/labs/lab5/scart/index.php:0
[19-Oct-2018 06:39:45 UTC] PHP Warning:  array_push() expects parameter 1 to be array, null given in /home/ubuntu/workspace/cst336/labs/lab5/scart/index.php on line 32
[19-Oct-2018 06:39:45 UTC] PHP Stack trace:
[19-Oct-2018 06:39:45 UTC] PHP   1. {main}() /home/ubuntu/workspace/cst336/labs/lab5/scart/index.php:0
[19-Oct-2018 06:39:45 UTC] PHP   2. array_push() /home/ubuntu/workspace/cst336/labs/lab5/scart/index.php:32
[19-Oct-2018 06:39:54 UTC] PHP Warning:  Invalid argument supplied for foreach() in /home/ubuntu/workspace/cst336/labs/lab5/scart/index.php on line 24
[19-Oct-2018 06:39:54 UTC] PHP Stack trace:
[19-Oct-2018 06:39:54 UTC] PHP   1. {main}() /home/ubuntu/workspace/cst336/labs/lab5/scart/index.php:0
[19-Oct-2018 06:39:54 UTC] PHP Warning:  array_push() expects parameter 1 to be array, null given in /home/ubuntu/workspace/cst336/labs/lab5/scart/index.php on line 32
[19-Oct-2018 06:39:54 UTC] PHP Stack trace:
[19-Oct-2018 06:39:54 UTC] PHP   1. {main}() /home/ubuntu/workspace/cst336/labs/lab5/scart/index.php:0
[19-Oct-2018 06:39:54 UTC] PHP   2. array_push() /home/ubuntu/workspace/cst336/labs/lab5/scart/index.php:32
[19-Oct-2018 06:40:10 UTC] PHP Warning:  Invalid argument supplied for foreach() in /home/ubuntu/workspace/cst336/labs/lab5/scart/index.php on line 24
[19-Oct-2018 06:40:10 UTC] PHP Stack trace:
[19-Oct-2018 06:40:10 UTC] PHP   1. {main}() /home/ubuntu/workspace/cst336/labs/lab5/scart/index.php:0
[19-Oct-2018 06:40:10 UTC] PHP Warning:  array_push() expects parameter 1 to be array, null given in /home/ubuntu/workspace/cst336/labs/lab5/scart/index.php on line 32
[19-Oct-2018 06:40:10 UTC] PHP Stack trace:
[19-Oct-2018 06:40:10 UTC] PHP   1. {main}() /home/ubuntu/workspace/cst336/labs/lab5/scart/index.php:0
[19-Oct-2018 06:40:10 UTC] PHP   2. array_push() /home/ubuntu/workspace/cst336/labs/lab5/scart/index.php:32
[19-Oct-2018 06:40:17 UTC] PHP Warning:  Invalid argument supplied for foreach() in /home/ubuntu/workspace/cst336/labs/lab5/scart/index.php on line 24
[19-Oct-2018 06:40:17 UTC] PHP Stack trace:
[19-Oct-2018 06:40:17 UTC] PHP   1. {main}() /home/ubuntu/workspace/cst336/labs/lab5/scart/index.php:0
[19-Oct-2018 06:40:17 UTC] PHP Warning:  array_push() expects parameter 1 to be array, null given in /home/ubuntu/workspace/cst336/labs/lab5/scart/index.php on line 32
[19-Oct-2018 06:40:17 UTC] PHP Stack trace:
[19-Oct-2018 06:40:17 UTC] PHP   1. {main}() /home/ubuntu/workspace/cst336/labs/lab5/scart/index.php:0
[19-Oct-2018 06:40:17 UTC] PHP   2. array_push() /home/ubuntu/workspace/cst336/labs/lab5/scart/index.php:32
[19-Oct-2018 21:37:15 UTC] PHP Warning:  Invalid argument supplied for foreach() in /home/ubuntu/workspace/cst336/labs/lab5/scart/index.php on line 24
[19-Oct-2018 21:37:15 UTC] PHP Stack trace:
[19-Oct-2018 21:37:15 UTC] PHP   1. {main}() /home/ubuntu/workspace/cst336/labs/lab5/scart/index.php:0
[19-Oct-2018 21:37:15 UTC] PHP Warning:  array_push() expects parameter 1 to be array, null given in /home/ubuntu/workspace/cst336/labs/lab5/scart/index.php on line 32
[19-Oct-2018 21:37:15 UTC] PHP Stack trace:
[19-Oct-2018 21:37:15 UTC] PHP   1. {main}() /home/ubuntu/workspace/cst336/labs/lab5/scart/index.php:0
[19-Oct-2018 21:37:15 UTC] PHP   2. array_push() /home/ubuntu/workspace/cst336/labs/lab5/scart/index.php:32
[19-Oct-2018 21:39:08 UTC] PHP Warning:  array_push() expects parameter 1 to be array, null given in /home/ubuntu/workspace/cst336/labs/lab5/scart/index.php on line 22
[19-Oct-2018 21:39:08 UTC] PHP Stack trace:
[19-Oct-2018 21:39:08 UTC] PHP   1. {main}() /home/ubuntu/workspace/cst336/labs/lab5/scart/index.php:0
[19-Oct-2018 21:39:08 UTC] PHP   2. array_push() /home/ubuntu/workspace/cst336/labs/lab5/scart/index.php:22
[19-Oct-2018 21:39:08 UTC] PHP Warning:  Invalid argument supplied for foreach() in /home/ubuntu/workspace/cst336/labs/lab5/scart/index.php on line 24
[19-Oct-2018 21:39:08 UTC] PHP Stack trace:
[19-Oct-2018 21:39:08 UTC] PHP   1. {main}() /home/ubuntu/workspace/cst336/labs/lab5/scart/index.php:0
[19-Oct-2018 21:39:08 UTC] PHP Warning:  array_push() expects parameter 1 to be array, null given in /home/ubuntu/workspace/cst336/labs/lab5/scart/index.php on line 32
[19-Oct-2018 21:39:08 UTC] PHP Stack trace:
[19-Oct-2018 21:39:08 UTC] PHP   1. {main}() /home/ubuntu/workspace/cst336/labs/lab5/scart/index.php:0
[19-Oct-2018 21:39:08 UTC] PHP   2. array_push() /home/ubuntu/workspace/cst336/labs/lab5/scart/index.php:32
