[01-Oct-2018 21:33:25 UTC] PHP Fatal error:  Call to undefined function getImagesURLs() in /home/ubuntu/workspace/cst336/labs/lab4/index.php on line 18
[01-Oct-2018 21:33:25 UTC] PHP Stack trace:
[01-Oct-2018 21:33:25 UTC] PHP   1. {main}() /home/ubuntu/workspace/cst336/labs/lab4/index.php:0
[01-Oct-2018 21:33:35 UTC] PHP Fatal error:  Call to undefined function getImagesURLs() in /home/ubuntu/workspace/cst336/labs/lab4/index.php on line 18
[01-Oct-2018 21:33:35 UTC] PHP Stack trace:
[01-Oct-2018 21:33:35 UTC] PHP   1. {main}() /home/ubuntu/workspace/cst336/labs/lab4/index.php:0
[01-Oct-2018 21:34:13 UTC] PHP Fatal error:  Call to undefined function getImagesURLs() in /home/ubuntu/workspace/cst336/labs/lab4/index.php on line 18
[01-Oct-2018 21:34:13 UTC] PHP Stack trace:
[01-Oct-2018 21:34:13 UTC] PHP   1. {main}() /home/ubuntu/workspace/cst336/labs/lab4/index.php:0
[01-Oct-2018 21:34:14 UTC] PHP Fatal error:  Call to undefined function getImagesURLs() in /home/ubuntu/workspace/cst336/labs/lab4/index.php on line 18
[01-Oct-2018 21:34:14 UTC] PHP Stack trace:
[01-Oct-2018 21:34:14 UTC] PHP   1. {main}() /home/ubuntu/workspace/cst336/labs/lab4/index.php:0
[01-Oct-2018 21:37:41 UTC] PHP Fatal error:  Call to undefined function getImagesURLs() in /home/ubuntu/workspace/cst336/labs/lab4/index.php on line 18
[01-Oct-2018 21:37:41 UTC] PHP Stack trace:
[01-Oct-2018 21:37:41 UTC] PHP   1. {main}() /home/ubuntu/workspace/cst336/labs/lab4/index.php:0
[01-Oct-2018 21:41:30 UTC] PHP Fatal error:  Call to undefined function getImagesURLs() in /home/ubuntu/workspace/cst336/labs/lab4/index.php on line 18
[01-Oct-2018 21:41:30 UTC] PHP Stack trace:
[01-Oct-2018 21:41:30 UTC] PHP   1. {main}() /home/ubuntu/workspace/cst336/labs/lab4/index.php:0
[01-Oct-2018 21:42:53 UTC] PHP Fatal error:  Call to undefined function getImagesURLs() in /home/ubuntu/workspace/cst336/labs/lab4/index.php on line 18
[01-Oct-2018 21:42:53 UTC] PHP Stack trace:
[01-Oct-2018 21:42:53 UTC] PHP   1. {main}() /home/ubuntu/workspace/cst336/labs/lab4/index.php:0
[01-Oct-2018 21:43:25 UTC] PHP Fatal error:  Call to undefined function getImagesURLs() in /home/ubuntu/workspace/cst336/labs/lab4/index.php on line 18
[01-Oct-2018 21:43:25 UTC] PHP Stack trace:
[01-Oct-2018 21:43:25 UTC] PHP   1. {main}() /home/ubuntu/workspace/cst336/labs/lab4/index.php:0
[01-Oct-2018 22:00:08 UTC] PHP Fatal error:  Call to undefined function getImagesURLs() in /home/ubuntu/workspace/cst336/labs/lab4/index.php on line 18
[01-Oct-2018 22:00:08 UTC] PHP Stack trace:
[01-Oct-2018 22:00:08 UTC] PHP   1. {main}() /home/ubuntu/workspace/cst336/labs/lab4/index.php:0
[01-Oct-2018 22:02:49 UTC] PHP Fatal error:  Call to undefined function getImagesURLs() in /home/ubuntu/workspace/cst336/labs/lab4/index.php on line 18
[01-Oct-2018 22:02:49 UTC] PHP Stack trace:
[01-Oct-2018 22:02:49 UTC] PHP   1. {main}() /home/ubuntu/workspace/cst336/labs/lab4/index.php:0
[01-Oct-2018 22:02:52 UTC] PHP Fatal error:  Call to undefined function getImagesURLs() in /home/ubuntu/workspace/cst336/labs/lab4/index.php on line 18
[01-Oct-2018 22:02:52 UTC] PHP Stack trace:
[01-Oct-2018 22:02:52 UTC] PHP   1. {main}() /home/ubuntu/workspace/cst336/labs/lab4/index.php:0
[01-Oct-2018 22:05:03 UTC] PHP Fatal error:  Call to undefined function getImagesURLs() in /home/ubuntu/workspace/cst336/labs/lab4/index.php on line 18
[01-Oct-2018 22:05:03 UTC] PHP Stack trace:
[01-Oct-2018 22:05:03 UTC] PHP   1. {main}() /home/ubuntu/workspace/cst336/labs/lab4/index.php:0
[01-Oct-2018 22:10:35 UTC] PHP Fatal error:  Call to undefined function getImagesURLs() in /home/ubuntu/workspace/cst336/labs/lab4/index.php on line 18
[01-Oct-2018 22:10:35 UTC] PHP Stack trace:
[01-Oct-2018 22:10:35 UTC] PHP   1. {main}() /home/ubuntu/workspace/cst336/labs/lab4/index.php:0
[01-Oct-2018 22:20:08 UTC] PHP Fatal error:  Call to undefined function getImagesURLs() in /home/ubuntu/workspace/cst336/labs/lab4/index.php on line 18
[01-Oct-2018 22:20:08 UTC] PHP Stack trace:
[01-Oct-2018 22:20:08 UTC] PHP   1. {main}() /home/ubuntu/workspace/cst336/labs/lab4/index.php:0
[01-Oct-2018 22:20:29 UTC] PHP Fatal error:  Call to undefined function getImagesURLs() in /home/ubuntu/workspace/cst336/labs/lab4/index.php on line 18
[01-Oct-2018 22:20:29 UTC] PHP Stack trace:
[01-Oct-2018 22:20:29 UTC] PHP   1. {main}() /home/ubuntu/workspace/cst336/labs/lab4/index.php:0
[01-Oct-2018 22:33:36 UTC] PHP Fatal error:  Call to undefined function getImagesURLs() in /home/ubuntu/workspace/cst336/labs/lab4/index.php on line 18
[01-Oct-2018 22:33:36 UTC] PHP Stack trace:
[01-Oct-2018 22:33:36 UTC] PHP   1. {main}() /home/ubuntu/workspace/cst336/labs/lab4/index.php:0
[03-Oct-2018 21:19:38 UTC] PHP Fatal error:  Call to undefined function getImagesURLs() in /home/ubuntu/workspace/cst336/labs/lab4/index.php on line 18
[03-Oct-2018 21:19:38 UTC] PHP Stack trace:
[03-Oct-2018 21:19:38 UTC] PHP   1. {main}() /home/ubuntu/workspace/cst336/labs/lab4/index.php:0
[03-Oct-2018 21:43:08 UTC] PHP Fatal error:  Call to undefined function getImagesURLs() in /home/ubuntu/workspace/cst336/labs/lab4/index.php on line 18
[03-Oct-2018 21:43:08 UTC] PHP Stack trace:
[03-Oct-2018 21:43:08 UTC] PHP   1. {main}() /home/ubuntu/workspace/cst336/labs/lab4/index.php:0
[05-Oct-2018 02:50:31 UTC] PHP Warning:  include(pixabayAPI): failed to open stream: No such file or directory in /home/ubuntu/workspace/cst336/labs/lab4/index.php on line 8
[05-Oct-2018 02:50:31 UTC] PHP Stack trace:
[05-Oct-2018 02:50:31 UTC] PHP   1. {main}() /home/ubuntu/workspace/cst336/labs/lab4/index.php:0
[05-Oct-2018 02:50:31 UTC] PHP Warning:  include(): Failed opening 'pixabayAPI' for inclusion (include_path='.:/usr/share/php:/usr/share/pear') in /home/ubuntu/workspace/cst336/labs/lab4/index.php on line 8
[05-Oct-2018 02:50:31 UTC] PHP Stack trace:
[05-Oct-2018 02:50:31 UTC] PHP   1. {main}() /home/ubuntu/workspace/cst336/labs/lab4/index.php:0
[05-Oct-2018 02:50:54 UTC] PHP Fatal error:  Call to undefined function getImagesURLs() in /home/ubuntu/workspace/cst336/labs/lab4/index.php on line 18
[05-Oct-2018 02:50:54 UTC] PHP Stack trace:
[05-Oct-2018 02:50:54 UTC] PHP   1. {main}() /home/ubuntu/workspace/cst336/labs/lab4/index.php:0
[05-Oct-2018 03:08:54 UTC] PHP Parse error:  syntax error, unexpected '}' in /home/ubuntu/workspace/cst336/labs/lab4/index.php on line 21
[05-Oct-2018 03:21:04 UTC] PHP Fatal error:  Call to undefined function getImagesURLs() in /home/ubuntu/workspace/cst336/labs/lab4/index.php on line 18
[05-Oct-2018 03:21:04 UTC] PHP Stack trace:
[05-Oct-2018 03:21:04 UTC] PHP   1. {main}() /home/ubuntu/workspace/cst336/labs/lab4/index.php:0
[05-Oct-2018 03:23:17 UTC] PHP Fatal error:  Call to undefined function getImagesURLs() in /home/ubuntu/workspace/cst336/labs/lab4/index.php on line 18
[05-Oct-2018 03:23:17 UTC] PHP Stack trace:
[05-Oct-2018 03:23:17 UTC] PHP   1. {main}() /home/ubuntu/workspace/cst336/labs/lab4/index.php:0
[05-Oct-2018 03:23:20 UTC] PHP Fatal error:  Call to undefined function getImagesURLs() in /home/ubuntu/workspace/cst336/labs/lab4/index.php on line 18
[05-Oct-2018 03:23:20 UTC] PHP Stack trace:
[05-Oct-2018 03:23:20 UTC] PHP   1. {main}() /home/ubuntu/workspace/cst336/labs/lab4/index.php:0
[05-Oct-2018 03:23:41 UTC] PHP Fatal error:  Call to undefined function getImagesURLs() in /home/ubuntu/workspace/cst336/labs/lab4/index.php on line 18
[05-Oct-2018 03:23:41 UTC] PHP Stack trace:
[05-Oct-2018 03:23:41 UTC] PHP   1. {main}() /home/ubuntu/workspace/cst336/labs/lab4/index.php:0
[05-Oct-2018 03:24:46 UTC] PHP Fatal error:  Call to undefined function getImagesURLs() in /home/ubuntu/workspace/cst336/labs/lab4/index.php on line 18
[05-Oct-2018 03:24:46 UTC] PHP Stack trace:
[05-Oct-2018 03:24:46 UTC] PHP   1. {main}() /home/ubuntu/workspace/cst336/labs/lab4/index.php:0
[05-Oct-2018 03:26:46 UTC] PHP Fatal error:  Call to undefined function getImagesURLs() in /home/ubuntu/workspace/cst336/labs/lab4/index.php on line 18
[05-Oct-2018 03:26:46 UTC] PHP Stack trace:
[05-Oct-2018 03:26:46 UTC] PHP   1. {main}() /home/ubuntu/workspace/cst336/labs/lab4/index.php:0
[05-Oct-2018 03:26:47 UTC] PHP Fatal error:  Call to undefined function getImagesURLs() in /home/ubuntu/workspace/cst336/labs/lab4/index.php on line 18
[05-Oct-2018 03:26:47 UTC] PHP Stack trace:
[05-Oct-2018 03:26:47 UTC] PHP   1. {main}() /home/ubuntu/workspace/cst336/labs/lab4/index.php:0
[05-Oct-2018 03:26:47 UTC] PHP Fatal error:  Call to undefined function getImagesURLs() in /home/ubuntu/workspace/cst336/labs/lab4/index.php on line 18
[05-Oct-2018 03:26:47 UTC] PHP Stack trace:
[05-Oct-2018 03:26:47 UTC] PHP   1. {main}() /home/ubuntu/workspace/cst336/labs/lab4/index.php:0
[05-Oct-2018 03:29:32 UTC] PHP Fatal error:  Call to undefined function getImagesURLs() in /home/ubuntu/workspace/cst336/labs/lab4/index.php on line 19
[05-Oct-2018 03:29:32 UTC] PHP Stack trace:
[05-Oct-2018 03:29:32 UTC] PHP   1. {main}() /home/ubuntu/workspace/cst336/labs/lab4/index.php:0
[05-Oct-2018 03:31:54 UTC] PHP Fatal error:  Call to undefined function getImagesURLs() in /home/ubuntu/workspace/cst336/labs/lab4/index.php on line 19
[05-Oct-2018 03:31:54 UTC] PHP Stack trace:
[05-Oct-2018 03:31:54 UTC] PHP   1. {main}() /home/ubuntu/workspace/cst336/labs/lab4/index.php:0
[05-Oct-2018 03:40:15 UTC] PHP Fatal error:  Call to undefined function getImagesURLs() in /home/ubuntu/workspace/cst336/labs/lab4/index.php on line 19
[05-Oct-2018 03:40:15 UTC] PHP Stack trace:
[05-Oct-2018 03:40:15 UTC] PHP   1. {main}() /home/ubuntu/workspace/cst336/labs/lab4/index.php:0
[05-Oct-2018 03:40:59 UTC] PHP Warning:  include(pixabayAPI.php): failed to open stream: No such file or directory in /home/ubuntu/workspace/cst336/labs/lab4/index.php on line 9
[05-Oct-2018 03:40:59 UTC] PHP Stack trace:
[05-Oct-2018 03:40:59 UTC] PHP   1. {main}() /home/ubuntu/workspace/cst336/labs/lab4/index.php:0
[05-Oct-2018 03:40:59 UTC] PHP Warning:  include(): Failed opening 'pixabayAPI.php' for inclusion (include_path='.:/usr/share/php:/usr/share/pear') in /home/ubuntu/workspace/cst336/labs/lab4/index.php on line 9
[05-Oct-2018 03:40:59 UTC] PHP Stack trace:
[05-Oct-2018 03:40:59 UTC] PHP   1. {main}() /home/ubuntu/workspace/cst336/labs/lab4/index.php:0
[05-Oct-2018 03:40:59 UTC] PHP Fatal error:  Call to undefined function getImagesURLs() in /home/ubuntu/workspace/cst336/labs/lab4/index.php on line 19
[05-Oct-2018 03:40:59 UTC] PHP Stack trace:
[05-Oct-2018 03:40:59 UTC] PHP   1. {main}() /home/ubuntu/workspace/cst336/labs/lab4/index.php:0
[05-Oct-2018 03:41:20 UTC] PHP Fatal error:  Call to undefined function getImagesURLs() in /home/ubuntu/workspace/cst336/labs/lab4/index.php on line 19
[05-Oct-2018 03:41:20 UTC] PHP Stack trace:
[05-Oct-2018 03:41:20 UTC] PHP   1. {main}() /home/ubuntu/workspace/cst336/labs/lab4/index.php:0
